<?xml version="1.0" encoding="UTF-8"?>
<!-- Generated by org.testng.reporters.JUnitReportReporter -->
<testsuite hostname="Notebook10" name="testCases.VerifyLogin" tests="1" failures="0" timestamp="27 Mar 2018 13:41:52 GMT" time="8.467" errors="0">
  <testcase name="testHomePage" time="8.467" classname="testCases.VerifyLogin"/>
</testsuite> <!-- testCases.VerifyLogin -->
