<?xml version="1.0" encoding="UTF-8"?>
<!-- Generated by org.testng.reporters.JUnitReportReporter -->
<testsuite hostname="Notebook10" name="testCases.VerifyHomePage" tests="1" failures="0" timestamp="27 Mar 2018 12:28:18 GMT" time="5.747" errors="0">
  <testcase name="testHomePage" time="5.747" classname="testCases.VerifyHomePage"/>
</testsuite> <!-- testCases.VerifyHomePage -->
