<?xml version="1.0" encoding="UTF-8"?>
<!-- Generated by org.testng.reporters.JUnitReportReporter -->
<testsuite hostname="Notebook10" name="testCases.VerifyLoginWithReport" tests="1" failures="0" timestamp="27 Mar 2018 13:56:43 GMT" time="8.895" errors="0">
  <testcase name="testHomePage" time="8.895" classname="testCases.VerifyLoginWithReport"/>
</testsuite> <!-- testCases.VerifyLoginWithReport -->
